<?xml version="1.0" encoding="UTF-8"?>
<!-- Generated by org.testng.reporters.JUnitXMLReporter -->
<testsuite hostname="RizanLenovo" tests="2" failures="0" timestamp="20 May 2017 06:03:55 GMT" time="0.031" errors="0">
  <testcase name="@BeforeTest openBrowser" time="0.0" classname="ParallelTest">
    <failure type="org.testng.TestNGException" message="
Parameter &amp;apos;browser&amp;apos; is required by @Configuration on method openBrowser but has not been marked @Optional or defined
in D:\SeleniumCode\MutiBrowserTestNG\test-output\testng-failed.xml">
      <![CDATA[org.testng.TestNGException: 
Parameter 'browser' is required by @Configuration on method openBrowser but has not been marked @Optional or defined
in D:\SeleniumCode\MutiBrowserTestNG\test-output\testng-failed.xml
... Removed 19 stack frames]]>
    </failure>
  </testcase> <!-- @BeforeTest openBrowser -->
  <testcase name="@AfterTest closeBrowser" time="0.0" classname="ParallelTest">
    <skipped/>
  </testcase> <!-- @AfterTest closeBrowser -->
  <testcase name="login_TestCase" time="0.005" classname="ParallelTest">
    <skipped/>
  </testcase> <!-- login_TestCase -->
  <testcase name="search_TestCase" time="0.0" classname="ParallelTest">
    <skipped/>
  </testcase> <!-- search_TestCase -->
</testsuite>
