<?xml version="1.0" encoding="UTF-8"?>
<testng-results skipped="0" failed="1" ignored="0" total="2" passed="1">
  <reporter-output>
  </reporter-output>
  <suite name="Default suite" duration-ms="81" started-at="2017-12-24T07:10:43Z" finished-at="2017-12-24T07:10:44Z">
    <groups>
    </groups>
    <test name="Default test" duration-ms="81" started-at="2017-12-24T07:10:43Z" finished-at="2017-12-24T07:10:44Z">
      <class name="TestNG_01">
        <test-method status="PASS" signature="beforeSuite()[pri:0, instance:TestNG_01@3c756e4d]" name="beforeSuite" is-config="true" duration-ms="18" started-at="2017-12-24T12:40:43Z" finished-at="2017-12-24T12:40:43Z">
          <reporter-output>
          </reporter-output>
        </test-method> <!-- beforeSuite -->
        <test-method status="PASS" signature="beforeTest()[pri:0, instance:TestNG_01@3c756e4d]" name="beforeTest" is-config="true" duration-ms="0" started-at="2017-12-24T12:40:43Z" finished-at="2017-12-24T12:40:43Z">
          <reporter-output>
          </reporter-output>
        </test-method> <!-- beforeTest -->
        <test-method status="PASS" signature="beforeClass()[pri:0, instance:TestNG_01@3c756e4d]" name="beforeClass" is-config="true" duration-ms="1" started-at="2017-12-24T12:40:44Z" finished-at="2017-12-24T12:40:44Z">
          <reporter-output>
          </reporter-output>
        </test-method> <!-- beforeClass -->
        <test-method status="FAIL" signature="test_01()[pri:0, instance:TestNG_01@3c756e4d]" name="test_01" duration-ms="23" started-at="2017-12-24T12:40:44Z" finished-at="2017-12-24T12:40:44Z">
          <exception class="java.lang.AssertionError">
            <message>
              <![CDATA[The following asserts failed:
	expected [true] but found [false],
	expected [SoftAsserti] but found [SoftAssert],
	expected [true] but found [false]]]>
            </message>
            <full-stacktrace>
              <![CDATA[java.lang.AssertionError: The following asserts failed:
	expected [true] but found [false],
	expected [SoftAsserti] but found [SoftAssert],
	expected [true] but found [false]
	at org.testng.asserts.SoftAssert.assertAll(SoftAssert.java:43)
	at TestNG_01.test_01(TestNG_01.java:21)
	at sun.reflect.NativeMethodAccessorImpl.invoke0(Native Method)
	at sun.reflect.NativeMethodAccessorImpl.invoke(Unknown Source)
	at sun.reflect.DelegatingMethodAccessorImpl.invoke(Unknown Source)
	at java.lang.reflect.Method.invoke(Unknown Source)
	at org.testng.internal.MethodInvocationHelper.invokeMethod(MethodInvocationHelper.java:108)
	at org.testng.internal.Invoker.invokeMethod(Invoker.java:661)
	at org.testng.internal.Invoker.invokeTestMethod(Invoker.java:869)
	at org.testng.internal.Invoker.invokeTestMethods(Invoker.java:1193)
	at org.testng.internal.TestMethodWorker.invokeTestMethods(TestMethodWorker.java:126)
	at org.testng.internal.TestMethodWorker.run(TestMethodWorker.java:109)
	at org.testng.TestRunner.privateRun(TestRunner.java:744)
	at org.testng.TestRunner.run(TestRunner.java:602)
	at org.testng.SuiteRunner.runTest(SuiteRunner.java:380)
	at org.testng.SuiteRunner.runSequentially(SuiteRunner.java:375)
	at org.testng.SuiteRunner.privateRun(SuiteRunner.java:340)
	at org.testng.SuiteRunner.run(SuiteRunner.java:289)
	at org.testng.SuiteRunnerWorker.runSuite(SuiteRunnerWorker.java:52)
	at org.testng.SuiteRunnerWorker.run(SuiteRunnerWorker.java:86)
	at org.testng.TestNG.runSuitesSequentially(TestNG.java:1301)
	at org.testng.TestNG.runSuitesLocally(TestNG.java:1226)
	at org.testng.TestNG.runSuites(TestNG.java:1144)
	at org.testng.TestNG.run(TestNG.java:1115)
	at org.testng.remote.AbstractRemoteTestNG.run(AbstractRemoteTestNG.java:132)
	at org.testng.remote.RemoteTestNG.initAndRun(RemoteTestNG.java:230)
	at org.testng.remote.RemoteTestNG.main(RemoteTestNG.java:76)
]]>
            </full-stacktrace>
          </exception> <!-- java.lang.AssertionError -->
          <reporter-output>
          </reporter-output>
        </test-method> <!-- test_01 -->
        <test-method status="PASS" signature="beforeMethod()[pri:0, instance:TestNG_01@3c756e4d]" name="beforeMethod" is-config="true" duration-ms="0" started-at="2017-12-24T12:40:44Z" finished-at="2017-12-24T12:40:44Z">
          <reporter-output>
          </reporter-output>
        </test-method> <!-- beforeMethod -->
        <test-method status="PASS" signature="afterMethod()[pri:0, instance:TestNG_01@3c756e4d]" name="afterMethod" is-config="true" duration-ms="3" started-at="2017-12-24T12:40:44Z" finished-at="2017-12-24T12:40:44Z">
          <reporter-output>
          </reporter-output>
        </test-method> <!-- afterMethod -->
        <test-method status="PASS" signature="beforeMethod()[pri:0, instance:TestNG_01@3c756e4d]" name="beforeMethod" is-config="true" duration-ms="1" started-at="2017-12-24T12:40:44Z" finished-at="2017-12-24T12:40:44Z">
          <reporter-output>
          </reporter-output>
        </test-method> <!-- beforeMethod -->
        <test-method status="PASS" signature="test_02()[pri:0, instance:TestNG_01@3c756e4d]" name="test_02" duration-ms="11" started-at="2017-12-24T12:40:44Z" finished-at="2017-12-24T12:40:44Z">
          <reporter-output>
          </reporter-output>
        </test-method> <!-- test_02 -->
        <test-method status="PASS" signature="afterClass()[pri:0, instance:TestNG_01@3c756e4d]" name="afterClass" is-config="true" duration-ms="5" started-at="2017-12-24T12:40:44Z" finished-at="2017-12-24T12:40:44Z">
          <reporter-output>
          </reporter-output>
        </test-method> <!-- afterClass -->
        <test-method status="PASS" signature="afterMethod()[pri:0, instance:TestNG_01@3c756e4d]" name="afterMethod" is-config="true" duration-ms="0" started-at="2017-12-24T12:40:44Z" finished-at="2017-12-24T12:40:44Z">
          <reporter-output>
          </reporter-output>
        </test-method> <!-- afterMethod -->
        <test-method status="PASS" signature="afterTest()[pri:0, instance:TestNG_01@3c756e4d]" name="afterTest" is-config="true" duration-ms="0" started-at="2017-12-24T12:40:44Z" finished-at="2017-12-24T12:40:44Z">
          <reporter-output>
          </reporter-output>
        </test-method> <!-- afterTest -->
        <test-method status="PASS" signature="afterSuite()[pri:0, instance:TestNG_01@3c756e4d]" name="afterSuite" is-config="true" duration-ms="1" started-at="2017-12-24T12:40:44Z" finished-at="2017-12-24T12:40:44Z">
          <reporter-output>
          </reporter-output>
        </test-method> <!-- afterSuite -->
      </class> <!-- TestNG_01 -->
    </test> <!-- Default test -->
  </suite> <!-- Default suite -->
</testng-results>
