<?xml version="1.0" encoding="UTF-8"?>
<testng-results skipped="0" failed="1" ignored="0" total="2" passed="1">
  <reporter-output>
  </reporter-output>
  <suite name="Default suite" duration-ms="60" started-at="2018-08-14T09:59:33Z" finished-at="2018-08-14T09:59:33Z">
    <groups>
    </groups>
    <test name="Default test" duration-ms="60" started-at="2018-08-14T09:59:33Z" finished-at="2018-08-14T09:59:33Z">
      <class name="TestNG_test1">
        <test-method status="PASS" signature="beforeSuite()[pri:0, instance:TestNG_test1@32d992b2]" name="beforeSuite" is-config="true" duration-ms="19" started-at="2018-08-14T15:29:33Z" finished-at="2018-08-14T15:29:33Z">
          <reporter-output>
          </reporter-output>
        </test-method> <!-- beforeSuite -->
        <test-method status="PASS" signature="beforeTest()[pri:0, instance:TestNG_test1@32d992b2]" name="beforeTest" is-config="true" duration-ms="1" started-at="2018-08-14T15:29:33Z" finished-at="2018-08-14T15:29:33Z">
          <reporter-output>
          </reporter-output>
        </test-method> <!-- beforeTest -->
        <test-method status="PASS" signature="beforeClass()[pri:0, instance:TestNG_test1@32d992b2]" name="beforeClass" is-config="true" duration-ms="0" started-at="2018-08-14T15:29:33Z" finished-at="2018-08-14T15:29:33Z">
          <reporter-output>
          </reporter-output>
        </test-method> <!-- beforeClass -->
        <test-method status="PASS" signature="beforeMethod()[pri:0, instance:TestNG_test1@32d992b2]" name="beforeMethod" is-config="true" duration-ms="1" started-at="2018-08-14T15:29:33Z" finished-at="2018-08-14T15:29:33Z">
          <reporter-output>
          </reporter-output>
        </test-method> <!-- beforeMethod -->
        <test-method status="PASS" signature="f(java.lang.Integer, java.lang.String)[pri:0, instance:TestNG_test1@32d992b2]" name="f" duration-ms="7" started-at="2018-08-14T15:29:33Z" data-provider="dp" finished-at="2018-08-14T15:29:33Z">
          <params>
            <param index="0">
              <value>
                <![CDATA[1]]>
              </value>
            </param>
            <param index="1">
              <value>
                <![CDATA[a]]>
              </value>
            </param>
          </params>
          <reporter-output>
          </reporter-output>
        </test-method> <!-- f -->
        <test-method status="PASS" signature="afterMethod()[pri:0, instance:TestNG_test1@32d992b2]" name="afterMethod" is-config="true" duration-ms="0" started-at="2018-08-14T15:29:33Z" finished-at="2018-08-14T15:29:33Z">
          <reporter-output>
          </reporter-output>
        </test-method> <!-- afterMethod -->
        <test-method status="PASS" signature="beforeMethod()[pri:0, instance:TestNG_test1@32d992b2]" name="beforeMethod" is-config="true" duration-ms="1" started-at="2018-08-14T15:29:33Z" finished-at="2018-08-14T15:29:33Z">
          <reporter-output>
          </reporter-output>
        </test-method> <!-- beforeMethod -->
        <test-method status="FAIL" signature="test1()[pri:0, instance:TestNG_test1@32d992b2]" name="test1" duration-ms="9" started-at="2018-08-14T15:29:33Z" finished-at="2018-08-14T15:29:33Z">
          <exception class="java.lang.AssertionError">
            <message>
              <![CDATA[The following asserts failed:
	expected [true] but found [false],
	expected [SoftAsserti] but found [SoftAssert],
	expected [1] but found [0],
	expected [true] but found [false]]]>
            </message>
            <full-stacktrace>
              <![CDATA[java.lang.AssertionError: The following asserts failed:
	expected [true] but found [false],
	expected [SoftAsserti] but found [SoftAssert],
	expected [1] but found [0],
	expected [true] but found [false]
	at org.testng.asserts.SoftAssert.assertAll(SoftAssert.java:43)
	at TestNG_test1.test1(TestNG_test1.java:108)
	at sun.reflect.NativeMethodAccessorImpl.invoke0(Native Method)
	at sun.reflect.NativeMethodAccessorImpl.invoke(Unknown Source)
	at sun.reflect.DelegatingMethodAccessorImpl.invoke(Unknown Source)
	at java.lang.reflect.Method.invoke(Unknown Source)
	at org.testng.internal.MethodInvocationHelper.invokeMethod(MethodInvocationHelper.java:108)
	at org.testng.internal.Invoker.invokeMethod(Invoker.java:661)
	at org.testng.internal.Invoker.invokeTestMethod(Invoker.java:869)
	at org.testng.internal.Invoker.invokeTestMethods(Invoker.java:1193)
	at org.testng.internal.TestMethodWorker.invokeTestMethods(TestMethodWorker.java:126)
	at org.testng.internal.TestMethodWorker.run(TestMethodWorker.java:109)
	at org.testng.TestRunner.privateRun(TestRunner.java:744)
	at org.testng.TestRunner.run(TestRunner.java:602)
	at org.testng.SuiteRunner.runTest(SuiteRunner.java:380)
	at org.testng.SuiteRunner.runSequentially(SuiteRunner.java:375)
	at org.testng.SuiteRunner.privateRun(SuiteRunner.java:340)
	at org.testng.SuiteRunner.run(SuiteRunner.java:289)
	at org.testng.SuiteRunnerWorker.runSuite(SuiteRunnerWorker.java:52)
	at org.testng.SuiteRunnerWorker.run(SuiteRunnerWorker.java:86)
	at org.testng.TestNG.runSuitesSequentially(TestNG.java:1301)
	at org.testng.TestNG.runSuitesLocally(TestNG.java:1226)
	at org.testng.TestNG.runSuites(TestNG.java:1144)
	at org.testng.TestNG.run(TestNG.java:1115)
	at org.testng.remote.AbstractRemoteTestNG.run(AbstractRemoteTestNG.java:132)
	at org.testng.remote.RemoteTestNG.initAndRun(RemoteTestNG.java:230)
	at org.testng.remote.RemoteTestNG.main(RemoteTestNG.java:76)
]]>
            </full-stacktrace>
          </exception> <!-- java.lang.AssertionError -->
          <reporter-output>
          </reporter-output>
        </test-method> <!-- test1 -->
        <test-method status="PASS" signature="afterMethod()[pri:0, instance:TestNG_test1@32d992b2]" name="afterMethod" is-config="true" duration-ms="1" started-at="2018-08-14T15:29:33Z" finished-at="2018-08-14T15:29:33Z">
          <reporter-output>
          </reporter-output>
        </test-method> <!-- afterMethod -->
        <test-method status="PASS" signature="afterClass()[pri:0, instance:TestNG_test1@32d992b2]" name="afterClass" is-config="true" duration-ms="1" started-at="2018-08-14T15:29:33Z" finished-at="2018-08-14T15:29:33Z">
          <reporter-output>
          </reporter-output>
        </test-method> <!-- afterClass -->
        <test-method status="PASS" signature="afterTest()[pri:0, instance:TestNG_test1@32d992b2]" name="afterTest" is-config="true" duration-ms="0" started-at="2018-08-14T15:29:33Z" finished-at="2018-08-14T15:29:33Z">
          <reporter-output>
          </reporter-output>
        </test-method> <!-- afterTest -->
        <test-method status="PASS" signature="afterSuite()[pri:0, instance:TestNG_test1@32d992b2]" name="afterSuite" is-config="true" duration-ms="0" started-at="2018-08-14T15:29:33Z" finished-at="2018-08-14T15:29:33Z">
          <reporter-output>
          </reporter-output>
        </test-method> <!-- afterSuite -->
      </class> <!-- TestNG_test1 -->
    </test> <!-- Default test -->
  </suite> <!-- Default suite -->
</testng-results>
